#! /c/iverilog/bin/vvp
:ivl_version "0.9.7 " "(v0_9_7)";
:vpi_time_precision - 9;
:vpi_module "system";
:vpi_module "v2005_math";
:vpi_module "va_math";
S_01112080 .scope module, "tb_vending_mealy" "tb_vending_mealy" 2 4;
 .timescale -9 -9;
v01112A08_0 .net "chg5", 0 0, v009A2EE8_0; 1 drivers
v01112A60_0 .var "clk", 0 0;
v01112AB8_0 .var "coin", 1 0;
v01112B10_0 .net "dispense", 0 0, v009AB030_0; 1 drivers
v009A9010_0 .var "rst", 0 0;
S_009AA488 .scope module, "dut" "vending_mealy" 2 12, 3 3, S_01112080;
 .timescale -9 -9;
P_009AEF84 .param/l "S0" 3 12, C4<00>;
P_009AEF98 .param/l "S10" 3 14, C4<10>;
P_009AEFAC .param/l "S15" 3 15, C4<11>;
P_009AEFC0 .param/l "S5" 3 13, C4<01>;
v009A2EE8_0 .var "chg5", 0 0;
v009A2AD8_0 .net "clk", 0 0, v01112A60_0; 1 drivers
v009A2B30_0 .net "coin", 1 0, v01112AB8_0; 1 drivers
v009A2B88_0 .var "current_state", 1 0;
v009AB030_0 .var "dispense", 0 0;
v009AB088_0 .var "next_state", 1 0;
v009AB0E0_0 .net "rst", 0 0, v009A9010_0; 1 drivers
E_01113BE8 .event edge, v009A2B88_0, v009A2B30_0;
E_01113A88 .event posedge, v009A2AD8_0;
    .scope S_009AA488;
T_0 ;
    %wait E_01113A88;
    %load/v 8, v009AB0E0_0, 1;
    %jmp/0xz  T_0.0, 8;
    %ix/load 0, 2, 0;
    %assign/v0 v009A2B88_0, 0, 0;
    %jmp T_0.1;
T_0.0 ;
    %load/v 8, v009AB088_0, 2;
    %ix/load 0, 2, 0;
    %assign/v0 v009A2B88_0, 0, 8;
T_0.1 ;
    %jmp T_0;
    .thread T_0;
    .scope S_009AA488;
T_1 ;
    %wait E_01113BE8;
    %load/v 8, v009A2B88_0, 2;
    %set/v v009AB088_0, 8, 2;
    %set/v v009AB030_0, 0, 1;
    %set/v v009A2EE8_0, 0, 1;
    %load/v 8, v009A2B88_0, 2;
    %cmpi/u 8, 0, 2;
    %jmp/1 T_1.0, 6;
    %cmpi/u 8, 1, 2;
    %jmp/1 T_1.1, 6;
    %cmpi/u 8, 2, 2;
    %jmp/1 T_1.2, 6;
    %cmpi/u 8, 3, 2;
    %jmp/1 T_1.3, 6;
    %set/v v009AB088_0, 0, 2;
    %jmp T_1.5;
T_1.0 ;
    %load/v 8, v009A2B30_0, 2;
    %cmpi/u 8, 1, 2;
    %jmp/0xz  T_1.6, 4;
    %movi 8, 1, 2;
    %set/v v009AB088_0, 8, 2;
    %jmp T_1.7;
T_1.6 ;
    %load/v 8, v009A2B30_0, 2;
    %cmpi/u 8, 2, 2;
    %jmp/0xz  T_1.8, 4;
    %movi 8, 2, 2;
    %set/v v009AB088_0, 8, 2;
    %jmp T_1.9;
T_1.8 ;
    %set/v v009AB088_0, 0, 2;
T_1.9 ;
T_1.7 ;
    %jmp T_1.5;
T_1.1 ;
    %load/v 8, v009A2B30_0, 2;
    %cmpi/u 8, 1, 2;
    %jmp/0xz  T_1.10, 4;
    %movi 8, 2, 2;
    %set/v v009AB088_0, 8, 2;
    %jmp T_1.11;
T_1.10 ;
    %load/v 8, v009A2B30_0, 2;
    %cmpi/u 8, 2, 2;
    %jmp/0xz  T_1.12, 4;
    %set/v v009AB088_0, 1, 2;
    %jmp T_1.13;
T_1.12 ;
    %movi 8, 1, 2;
    %set/v v009AB088_0, 8, 2;
T_1.13 ;
T_1.11 ;
    %jmp T_1.5;
T_1.2 ;
    %load/v 8, v009A2B30_0, 2;
    %cmpi/u 8, 1, 2;
    %jmp/0xz  T_1.14, 4;
    %set/v v009AB088_0, 1, 2;
    %jmp T_1.15;
T_1.14 ;
    %load/v 8, v009A2B30_0, 2;
    %cmpi/u 8, 2, 2;
    %jmp/0xz  T_1.16, 4;
    %set/v v009AB088_0, 0, 2;
    %set/v v009AB030_0, 1, 1;
    %jmp T_1.17;
T_1.16 ;
    %movi 8, 2, 2;
    %set/v v009AB088_0, 8, 2;
T_1.17 ;
T_1.15 ;
    %jmp T_1.5;
T_1.3 ;
    %load/v 8, v009A2B30_0, 2;
    %cmpi/u 8, 1, 2;
    %jmp/0xz  T_1.18, 4;
    %set/v v009AB088_0, 0, 2;
    %set/v v009AB030_0, 1, 1;
    %jmp T_1.19;
T_1.18 ;
    %load/v 8, v009A2B30_0, 2;
    %cmpi/u 8, 2, 2;
    %jmp/0xz  T_1.20, 4;
    %set/v v009AB088_0, 0, 2;
    %set/v v009AB030_0, 1, 1;
    %set/v v009A2EE8_0, 1, 1;
    %jmp T_1.21;
T_1.20 ;
    %set/v v009AB088_0, 1, 2;
T_1.21 ;
T_1.19 ;
    %jmp T_1.5;
T_1.5 ;
    %jmp T_1;
    .thread T_1, $push;
    .scope S_01112080;
T_2 ;
    %delay 5, 0;
    %load/v 8, v01112A60_0, 1;
    %inv 8, 1;
    %set/v v01112A60_0, 8, 1;
    %jmp T_2;
    .thread T_2;
    .scope S_01112080;
T_3 ;
    %vpi_call 2 25 "$dumpfile", "vending_mealy.vcd";
    %vpi_call 2 26 "$dumpvars", 1'sb0, S_01112080;
    %set/v v01112A60_0, 0, 1;
    %set/v v009A9010_0, 1, 1;
    %set/v v01112AB8_0, 0, 2;
    %delay 10, 0;
    %set/v v009A9010_0, 0, 1;
    %vpi_call 2 37 "$display", "Test 1: Insert 4 x 5 cents (no change)";
    %delay 10, 0;
    %movi 8, 1, 2;
    %set/v v01112AB8_0, 8, 2;
    %delay 10, 0;
    %set/v v01112AB8_0, 0, 2;
    %delay 10, 0;
    %movi 8, 1, 2;
    %set/v v01112AB8_0, 8, 2;
    %delay 10, 0;
    %set/v v01112AB8_0, 0, 2;
    %delay 10, 0;
    %movi 8, 1, 2;
    %set/v v01112AB8_0, 8, 2;
    %delay 10, 0;
    %set/v v01112AB8_0, 0, 2;
    %delay 10, 0;
    %movi 8, 1, 2;
    %set/v v01112AB8_0, 8, 2;
    %delay 10, 0;
    %set/v v01112AB8_0, 0, 2;
    %vpi_call 2 48 "$display", "\012Test 2: Insert 2 x 10 cents";
    %delay 10, 0;
    %movi 8, 2, 2;
    %set/v v01112AB8_0, 8, 2;
    %delay 10, 0;
    %set/v v01112AB8_0, 0, 2;
    %delay 10, 0;
    %movi 8, 2, 2;
    %set/v v01112AB8_0, 8, 2;
    %delay 10, 0;
    %set/v v01112AB8_0, 0, 2;
    %vpi_call 2 55 "$display", "\012Test 3: Insert 5, 10, 10 cents (with change)";
    %delay 10, 0;
    %movi 8, 1, 2;
    %set/v v01112AB8_0, 8, 2;
    %delay 10, 0;
    %set/v v01112AB8_0, 0, 2;
    %delay 10, 0;
    %movi 8, 2, 2;
    %set/v v01112AB8_0, 8, 2;
    %delay 10, 0;
    %set/v v01112AB8_0, 0, 2;
    %delay 10, 0;
    %movi 8, 2, 2;
    %set/v v01112AB8_0, 8, 2;
    %delay 10, 0;
    %set/v v01112AB8_0, 0, 2;
    %delay 20, 0;
    %vpi_call 2 63 "$finish";
    %end;
    .thread T_3;
# The file index is used to find the file name in the following table.
:file_names 4;
    "N/A";
    "<interactive>";
    "tb_vending_mealy.v";
    "./vending_mealy.v";
