#! /c/iverilog/bin/vvp
:ivl_version "0.9.7 " "(v0_9_7)";
:vpi_time_precision - 9;
:vpi_module "system";
:vpi_module "v2005_math";
:vpi_module "va_math";
S_00812E68 .scope module, "tb_traffic_light" "tb_traffic_light" 2 5;
 .timescale -9 -9;
P_0127CAC4 .param/l "CLK_PERIOD" 2 13, +C4<01010>;
P_0127CAD8 .param/l "TICK_PERIOD" 2 14, +C4<01111101000>;
v00820520_0 .var "clk", 0 0;
v00820050_0 .net "ew_g", 0 0, L_0084F1D8; 1 drivers
v00820310_0 .net "ew_r", 0 0, L_0084FD40; 1 drivers
v0081FF48_0 .net "ew_y", 0 0, L_0084ED60; 1 drivers
v0081FFF8_0 .net "ns_g", 0 0, L_0084EFC8; 1 drivers
v00820368_0 .net "ns_r", 0 0, L_008502F0; 1 drivers
v008203C0_0 .net "ns_y", 0 0, L_0084F020; 1 drivers
v00820418_0 .var "rst", 0 0;
v0081FFA0_0 .var "tick", 0 0;
S_00813198 .scope module, "dut" "traffic_light" 2 17, 3 3, S_00812E68;
 .timescale -9 -9;
P_00812EF4 .param/l "EW_GREEN" 3 17, C4<10>;
P_00812F08 .param/l "EW_YELLOW" 3 18, C4<11>;
P_00812F1C .param/l "G_DUR" 3 25, C4<101>;
P_00812F30 .param/l "NS_GREEN" 3 15, C4<00>;
P_00812F44 .param/l "NS_YELLOW" 3 16, C4<01>;
P_00812F58 .param/l "Y_DUR" 3 26, C4<010>;
L_008502F0 .functor OR 1, L_0084EEC0, L_0084F0D0, C4<0>, C4<0>;
L_0084FD40 .functor OR 1, L_0084F2E0, L_0084ED08, C4<0>, C4<0>;
v012798E0_0 .net *"_s0", 2 0, L_008204C8; 1 drivers
v01279938_0 .net *"_s11", 0 0, C4<0>; 1 drivers
v01279258_0 .net *"_s12", 2 0, C4<001>; 1 drivers
v01279308_0 .net *"_s16", 2 0, L_0084F078; 1 drivers
v00820C00_0 .net *"_s19", 0 0, C4<0>; 1 drivers
v008209F0_0 .net *"_s20", 2 0, C4<010>; 1 drivers
v00820AA0_0 .net *"_s22", 0 0, L_0084EEC0; 1 drivers
v00820B50_0 .net *"_s24", 2 0, L_0084EDB8; 1 drivers
v00820940_0 .net *"_s27", 0 0, C4<0>; 1 drivers
v008208E8_0 .net *"_s28", 2 0, C4<011>; 1 drivers
v00820BA8_0 .net *"_s3", 0 0, C4<0>; 1 drivers
v00820CB0_0 .net *"_s30", 0 0, L_0084F0D0; 1 drivers
v00820A48_0 .net *"_s34", 2 0, L_0084F128; 1 drivers
v00820AF8_0 .net *"_s37", 0 0, C4<0>; 1 drivers
v00820C58_0 .net *"_s38", 2 0, C4<010>; 1 drivers
v00820838_0 .net *"_s4", 2 0, C4<000>; 1 drivers
v00820890_0 .net *"_s42", 2 0, L_0084F230; 1 drivers
v00820998_0 .net *"_s45", 0 0, C4<0>; 1 drivers
v008205D0_0 .net *"_s46", 2 0, C4<011>; 1 drivers
v0081FDE8_0 .net *"_s50", 2 0, L_0084F288; 1 drivers
v008201B0_0 .net *"_s53", 0 0, C4<0>; 1 drivers
v008200A8_0 .net *"_s54", 2 0, C4<000>; 1 drivers
v00820628_0 .net *"_s56", 0 0, L_0084F2E0; 1 drivers
v00820260_0 .net *"_s58", 2 0, L_0084F338; 1 drivers
v00820100_0 .net *"_s61", 0 0, C4<0>; 1 drivers
v008207E0_0 .net *"_s62", 2 0, C4<001>; 1 drivers
v00820680_0 .net *"_s64", 0 0, L_0084ED08; 1 drivers
v008202B8_0 .net *"_s8", 2 0, L_0084F180; 1 drivers
v008206D8_0 .net "clk", 0 0, v00820520_0; 1 drivers
v00820208_0 .var "current_state", 1 0;
v00820730_0 .alias "ew_g", 0 0, v00820050_0;
v0081FE98_0 .alias "ew_r", 0 0, v00820310_0;
v00820788_0 .alias "ew_y", 0 0, v0081FF48_0;
v00820578_0 .var "next_state", 1 0;
v0081FD38_0 .alias "ns_g", 0 0, v0081FFF8_0;
v00820470_0 .alias "ns_r", 0 0, v00820368_0;
v0081FD90_0 .alias "ns_y", 0 0, v008203C0_0;
v0081FE40_0 .net "rst", 0 0, v00820418_0; 1 drivers
v0081FEF0_0 .net "tick", 0 0, v0081FFA0_0; 1 drivers
v00820158_0 .var "tick_count", 2 0;
E_008146B8 .event edge, v00820208_0, v0081FEF0_0, v00820158_0;
E_00814518 .event posedge, v008206D8_0;
L_008204C8 .concat [ 2 1 0 0], v00820208_0, C4<0>;
L_0084EFC8 .cmp/eq 3, L_008204C8, C4<000>;
L_0084F180 .concat [ 2 1 0 0], v00820208_0, C4<0>;
L_0084F020 .cmp/eq 3, L_0084F180, C4<001>;
L_0084F078 .concat [ 2 1 0 0], v00820208_0, C4<0>;
L_0084EEC0 .cmp/eq 3, L_0084F078, C4<010>;
L_0084EDB8 .concat [ 2 1 0 0], v00820208_0, C4<0>;
L_0084F0D0 .cmp/eq 3, L_0084EDB8, C4<011>;
L_0084F128 .concat [ 2 1 0 0], v00820208_0, C4<0>;
L_0084F1D8 .cmp/eq 3, L_0084F128, C4<010>;
L_0084F230 .concat [ 2 1 0 0], v00820208_0, C4<0>;
L_0084ED60 .cmp/eq 3, L_0084F230, C4<011>;
L_0084F288 .concat [ 2 1 0 0], v00820208_0, C4<0>;
L_0084F2E0 .cmp/eq 3, L_0084F288, C4<000>;
L_0084F338 .concat [ 2 1 0 0], v00820208_0, C4<0>;
L_0084ED08 .cmp/eq 3, L_0084F338, C4<001>;
    .scope S_00813198;
T_0 ;
    %wait E_00814518;
    %load/v 8, v0081FE40_0, 1;
    %jmp/0xz  T_0.0, 8;
    %ix/load 0, 2, 0;
    %assign/v0 v00820208_0, 0, 0;
    %ix/load 0, 3, 0;
    %assign/v0 v00820158_0, 0, 0;
    %jmp T_0.1;
T_0.0 ;
    %load/v 8, v00820578_0, 2;
    %ix/load 0, 2, 0;
    %assign/v0 v00820208_0, 0, 8;
    %load/v 8, v0081FEF0_0, 1;
    %jmp/0xz  T_0.2, 8;
    %load/v 8, v00820158_0, 3;
    %mov 11, 0, 29;
    %addi 8, 1, 32;
    %ix/load 0, 3, 0;
    %assign/v0 v00820158_0, 0, 8;
T_0.2 ;
T_0.1 ;
    %jmp T_0;
    .thread T_0;
    .scope S_00813198;
T_1 ;
    %wait E_008146B8;
    %load/v 8, v00820208_0, 2;
    %set/v v00820578_0, 8, 2;
    %load/v 8, v00820208_0, 2;
    %cmpi/u 8, 0, 2;
    %jmp/1 T_1.0, 6;
    %cmpi/u 8, 1, 2;
    %jmp/1 T_1.1, 6;
    %cmpi/u 8, 2, 2;
    %jmp/1 T_1.2, 6;
    %cmpi/u 8, 3, 2;
    %jmp/1 T_1.3, 6;
    %jmp T_1.4;
T_1.0 ;
    %load/v 8, v0081FEF0_0, 1;
    %load/v 9, v00820158_0, 3;
    %mov 12, 0, 2;
    %cmpi/u 9, 4, 5;
    %mov 9, 4, 1;
    %and 8, 9, 1;
    %jmp/0xz  T_1.5, 8;
    %movi 8, 1, 2;
    %set/v v00820578_0, 8, 2;
T_1.5 ;
    %jmp T_1.4;
T_1.1 ;
    %load/v 8, v0081FEF0_0, 1;
    %load/v 9, v00820158_0, 3;
    %mov 12, 0, 2;
    %cmpi/u 9, 1, 5;
    %mov 9, 4, 1;
    %and 8, 9, 1;
    %jmp/0xz  T_1.7, 8;
    %movi 8, 2, 2;
    %set/v v00820578_0, 8, 2;
T_1.7 ;
    %jmp T_1.4;
T_1.2 ;
    %load/v 8, v0081FEF0_0, 1;
    %load/v 9, v00820158_0, 3;
    %mov 12, 0, 2;
    %cmpi/u 9, 4, 5;
    %mov 9, 4, 1;
    %and 8, 9, 1;
    %jmp/0xz  T_1.9, 8;
    %set/v v00820578_0, 1, 2;
T_1.9 ;
    %jmp T_1.4;
T_1.3 ;
    %load/v 8, v0081FEF0_0, 1;
    %load/v 9, v00820158_0, 3;
    %mov 12, 0, 2;
    %cmpi/u 9, 1, 5;
    %mov 9, 4, 1;
    %and 8, 9, 1;
    %jmp/0xz  T_1.11, 8;
    %set/v v00820578_0, 0, 2;
T_1.11 ;
    %jmp T_1.4;
T_1.4 ;
    %jmp T_1;
    .thread T_1, $push;
    .scope S_00812E68;
T_2 ;
    %delay 5, 0;
    %load/v 8, v00820520_0, 1;
    %inv 8, 1;
    %set/v v00820520_0, 8, 1;
    %jmp T_2;
    .thread T_2;
    .scope S_00812E68;
T_3 ;
    %set/v v00820520_0, 0, 1;
    %set/v v00820418_0, 1, 1;
    %set/v v0081FFA0_0, 0, 1;
    %delay 20, 0;
    %set/v v00820418_0, 0, 1;
T_3.0 ;
    %delay 500, 0;
    %set/v v0081FFA0_0, 1, 1;
    %delay 500, 0;
    %set/v v0081FFA0_0, 0, 1;
    %jmp T_3.0;
    %end;
    .thread T_3;
    .scope S_00812E68;
T_4 ;
    %vpi_call 2 50 "$dumpfile", "traffic_light.vcd";
    %vpi_call 2 51 "$dumpvars", 1'sb0, S_00812E68;
    %vpi_call 2 53 "$display", "Test Started...";
    %delay 15000, 0;
    %vpi_call 2 58 "$display", "Test Completed.";
    %vpi_call 2 59 "$finish";
    %end;
    .thread T_4;
# The file index is used to find the file name in the following table.
:file_names 4;
    "N/A";
    "<interactive>";
    "tb_traffic_light.v";
    "./traffic_light.v";
