#! /c/iverilog/bin/vvp
:ivl_version "0.9.7 " "(v0_9_7)";
:vpi_time_precision - 9;
:vpi_module "system";
:vpi_module "v2005_math";
:vpi_module "va_math";
S_00898698 .scope module, "tb_link_top" "tb_link_top" 2 6;
 .timescale -9 -9;
v0098C180_0 .var "clk", 0 0;
v0098BC58_0 .net "done", 0 0, v0089B8B0_0; 1 drivers
v0098C0D0_0 .var "rst", 0 0;
E_0089ABD8 .event edge, v0089B8B0_0;
S_00897D08 .scope module, "dut" "link_top" 2 12, 3 3, S_00898698;
 .timescale -9 -9;
v0089E0F0_0 .net "ack", 0 0, v0089AFA0_0; 1 drivers
v0098C2E0_0 .net "clk", 0 0, v0098C180_0; 1 drivers
v0098C390_0 .net "data", 7 0, v0089B858_0; 1 drivers
v0098BCB0_0 .alias "done", 0 0, v0098BC58_0;
v0098BD08_0 .net "last_byte", 7 0, v00894D10_0; 1 drivers
v0098C128_0 .net "req", 0 0, v00892B30_0; 1 drivers
v0098BD60_0 .net "rst", 0 0, v0098C0D0_0; 1 drivers
S_008983F0 .scope module, "master_inst" "master_fsm" 3 11, 4 3, S_00897D08;
 .timescale -9 -9;
P_0095359C .param/l "S_IDLE" 4 13, C4<00>;
P_009535B0 .param/l "S_REQ" 4 14, C4<01>;
P_009535C4 .param/l "S_TX_DATA" 4 16, C4<11>;
P_009535D8 .param/l "S_WAIT_ACK" 4 15, C4<10>;
v0089EC18_0 .alias "ack", 0 0, v0089E0F0_0;
v0089EC70_0 .var "byte_count", 1 0;
v0089ECC8_0 .alias "clk", 0 0, v0098C2E0_0;
v0089B800_0 .var "current_state", 1 0;
v0089B858_0 .var "data", 7 0;
v0089B8B0_0 .var "done", 0 0;
v00892AD8_0 .var "next_state", 1 0;
v00892B30_0 .var "req", 0 0;
v00892B88_0 .alias "rst", 0 0, v0098BD60_0;
E_0089AA38 .event edge, v0089B800_0, v009534E8_0, v0089AFA0_0, v0089EC70_0;
S_00897D90 .scope module, "slave_inst" "slave_fsm" 3 20, 5 3, S_00897D08;
 .timescale -9 -9;
v0089AFA0_0 .var "ack", 0 0;
v00899DC0_0 .var "ack_count", 1 0;
v0089AEE0_0 .alias "clk", 0 0, v0098C2E0_0;
v00894CB8_0 .alias "data_in", 7 0, v0098C390_0;
v00894D10_0 .var "last_byte", 7 0;
v009534E8_0 .alias "req", 0 0, v0098C128_0;
v00953540_0 .alias "rst", 0 0, v0098BD60_0;
E_0089A8F8 .event posedge, v0089AEE0_0;
    .scope S_008983F0;
T_0 ;
    %wait E_0089A8F8;
    %load/v 8, v00892B88_0, 1;
    %jmp/0xz  T_0.0, 8;
    %ix/load 0, 2, 0;
    %assign/v0 v0089B800_0, 0, 0;
    %ix/load 0, 2, 0;
    %assign/v0 v0089EC70_0, 0, 0;
    %ix/load 0, 1, 0;
    %assign/v0 v00892B30_0, 0, 0;
    %ix/load 0, 8, 0;
    %assign/v0 v0089B858_0, 0, 0;
    %ix/load 0, 1, 0;
    %assign/v0 v0089B8B0_0, 0, 0;
    %jmp T_0.1;
T_0.0 ;
    %load/v 8, v00892AD8_0, 2;
    %ix/load 0, 2, 0;
    %assign/v0 v0089B800_0, 0, 8;
    %load/v 8, v0089B800_0, 2;
    %mov 10, 0, 1;
    %cmpi/u 8, 3, 3;
    %mov 8, 4, 1;
    %load/v 9, v0089EC18_0, 1;
    %and 8, 9, 1;
    %jmp/0xz  T_0.2, 8;
    %load/v 8, v0089EC70_0, 2;
    %mov 10, 0, 30;
    %addi 8, 1, 32;
    %ix/load 0, 2, 0;
    %assign/v0 v0089EC70_0, 0, 8;
T_0.2 ;
    %load/v 8, v0089B800_0, 2;
    %mov 10, 0, 1;
    %cmpi/u 8, 1, 3;
    %jmp/0xz  T_0.4, 4;
    %ix/load 0, 1, 0;
    %assign/v0 v00892B30_0, 0, 1;
    %jmp T_0.5;
T_0.4 ;
    %ix/load 0, 1, 0;
    %assign/v0 v00892B30_0, 0, 0;
T_0.5 ;
T_0.1 ;
    %jmp T_0;
    .thread T_0;
    .scope S_008983F0;
T_1 ;
    %wait E_0089AA38;
    %load/v 8, v0089B800_0, 2;
    %set/v v00892AD8_0, 8, 2;
    %load/v 8, v0089B800_0, 2;
    %cmpi/u 8, 0, 2;
    %jmp/1 T_1.0, 6;
    %cmpi/u 8, 2, 2;
    %jmp/1 T_1.1, 6;
    %cmpi/u 8, 3, 2;
    %jmp/1 T_1.2, 6;
    %set/v v00892AD8_0, 0, 2;
    %jmp T_1.4;
T_1.0 ;
    %load/v 8, v00892B30_0, 1;
    %jmp/0xz  T_1.5, 8;
    %movi 8, 2, 2;
    %set/v v00892AD8_0, 8, 2;
T_1.5 ;
    %jmp T_1.4;
T_1.1 ;
    %load/v 8, v0089EC18_0, 1;
    %jmp/0xz  T_1.7, 8;
    %set/v v00892AD8_0, 1, 2;
T_1.7 ;
    %jmp T_1.4;
T_1.2 ;
    %load/v 8, v0089EC18_0, 1;
    %load/v 9, v0089EC70_0, 2;
    %mov 11, 0, 2;
    %cmpi/u 9, 3, 4;
    %mov 9, 4, 1;
    %and 8, 9, 1;
    %jmp/0xz  T_1.9, 8;
    %set/v v00892AD8_0, 0, 2;
    %set/v v0089B8B0_0, 1, 1;
    %jmp T_1.10;
T_1.9 ;
    %load/v 8, v0089EC18_0, 1;
    %jmp/0xz  T_1.11, 8;
    %set/v v00892AD8_0, 1, 2;
T_1.11 ;
T_1.10 ;
    %jmp T_1.4;
T_1.4 ;
    %jmp T_1;
    .thread T_1, $push;
    .scope S_008983F0;
T_2 ;
    %movi 8, 160, 8;
    %set/v v0089B858_0, 8, 8;
    %end;
    .thread T_2;
    .scope S_008983F0;
T_3 ;
    %wait E_0089A8F8;
    %load/v 8, v0089EC18_0, 1;
    %jmp/0xz  T_3.0, 8;
    %load/v 8, v0089EC70_0, 2;
    %cmpi/u 8, 0, 2;
    %jmp/1 T_3.2, 6;
    %cmpi/u 8, 1, 2;
    %jmp/1 T_3.3, 6;
    %cmpi/u 8, 2, 2;
    %jmp/1 T_3.4, 6;
    %cmpi/u 8, 3, 2;
    %jmp/1 T_3.5, 6;
    %jmp T_3.6;
T_3.2 ;
    %movi 8, 161, 8;
    %ix/load 0, 8, 0;
    %assign/v0 v0089B858_0, 0, 8;
    %jmp T_3.6;
T_3.3 ;
    %movi 8, 162, 8;
    %ix/load 0, 8, 0;
    %assign/v0 v0089B858_0, 0, 8;
    %jmp T_3.6;
T_3.4 ;
    %movi 8, 163, 8;
    %ix/load 0, 8, 0;
    %assign/v0 v0089B858_0, 0, 8;
    %jmp T_3.6;
T_3.5 ;
    %movi 8, 160, 8;
    %ix/load 0, 8, 0;
    %assign/v0 v0089B858_0, 0, 8;
    %jmp T_3.6;
T_3.6 ;
T_3.0 ;
    %jmp T_3;
    .thread T_3;
    .scope S_00897D90;
T_4 ;
    %wait E_0089A8F8;
    %load/v 8, v00953540_0, 1;
    %jmp/0xz  T_4.0, 8;
    %ix/load 0, 1, 0;
    %assign/v0 v0089AFA0_0, 0, 0;
    %ix/load 0, 2, 0;
    %assign/v0 v00899DC0_0, 0, 0;
    %ix/load 0, 8, 0;
    %assign/v0 v00894D10_0, 0, 0;
    %jmp T_4.1;
T_4.0 ;
    %load/v 8, v009534E8_0, 1;
    %jmp/0xz  T_4.2, 8;
    %load/v 8, v00894CB8_0, 8;
    %ix/load 0, 8, 0;
    %assign/v0 v00894D10_0, 0, 8;
T_4.2 ;
    %load/v 8, v009534E8_0, 1;
    %load/v 9, v0089AFA0_0, 1;
    %inv 9, 1;
    %and 8, 9, 1;
    %jmp/0xz  T_4.4, 8;
    %ix/load 0, 1, 0;
    %assign/v0 v0089AFA0_0, 0, 1;
    %movi 8, 1, 2;
    %ix/load 0, 2, 0;
    %assign/v0 v00899DC0_0, 0, 8;
    %jmp T_4.5;
T_4.4 ;
    %load/v 8, v0089AFA0_0, 1;
    %jmp/0xz  T_4.6, 8;
    %load/v 8, v00899DC0_0, 2;
    %mov 10, 0, 30;
    %addi 8, 1, 32;
    %ix/load 0, 2, 0;
    %assign/v0 v00899DC0_0, 0, 8;
    %load/v 8, v00899DC0_0, 2;
    %mov 10, 0, 2;
    %cmpi/u 8, 2, 4;
    %jmp/0xz  T_4.8, 4;
    %ix/load 0, 1, 0;
    %assign/v0 v0089AFA0_0, 0, 0;
    %ix/load 0, 2, 0;
    %assign/v0 v00899DC0_0, 0, 0;
T_4.8 ;
    %jmp T_4.7;
T_4.6 ;
    %ix/load 0, 1, 0;
    %assign/v0 v0089AFA0_0, 0, 0;
    %ix/load 0, 2, 0;
    %assign/v0 v00899DC0_0, 0, 0;
T_4.7 ;
T_4.5 ;
T_4.1 ;
    %jmp T_4;
    .thread T_4;
    .scope S_00898698;
T_5 ;
    %delay 5, 0;
    %load/v 8, v0098C180_0, 1;
    %inv 8, 1;
    %set/v v0098C180_0, 8, 1;
    %jmp T_5;
    .thread T_5;
    .scope S_00898698;
T_6 ;
    %vpi_call 2 22 "$dumpfile", "link_top.vcd";
    %vpi_call 2 23 "$dumpvars", 1'sb0, S_00897D08;
    %set/v v0098C0D0_0, 1, 1;
    %delay 10, 0;
    %set/v v0098C0D0_0, 0, 1;
    %vpi_call 2 30 "$monitor", "Time=%0t: req=%b, ack=%b, data=%h", $time, v00892B30_0, v0089AFA0_0, v0089B858_0;
T_6.0 ;
    %load/v 8, v0098BC58_0, 1;
    %cmpi/u 8, 1, 1;
    %inv 6, 1;
    %jmp/0xz T_6.1, 6;
    %wait E_0089ABD8;
    %jmp T_6.0;
T_6.1 ;
    %delay 20, 0;
    %vpi_call 2 35 "$finish";
    %end;
    .thread T_6;
# The file index is used to find the file name in the following table.
:file_names 6;
    "N/A";
    "<interactive>";
    "tb_link_top.v";
    "./link_top.v";
    "./master_fsm.v";
    "./slave_fsm.v";
