#! /c/iverilog/bin/vvp
:ivl_version "0.9.7 " "(v0_9_7)";
:vpi_time_precision - 9;
:vpi_module "system";
:vpi_module "v2005_math";
:vpi_module "va_math";
S_00F531B8 .scope module, "tb_seq_detect_mealy" "tb_seq_detect_mealy" 2 4;
 .timescale -9 -9;
v010AED38_0 .var "clk", 0 0;
v010AED90_0 .var "din", 0 0;
v010AEDE8_0 .var "rst", 0 0;
v010AEE40_0 .net "y", 0 0, v010AAF78_0; 1 drivers
S_010A2AF0 .scope module, "dut" "seq_detect_mealy" 2 11, 3 3, S_00F531B8;
 .timescale -9 -9;
P_010A2B7C .param/l "S0" 3 11, C4<00>;
P_010A2B90 .param/l "S1" 3 12, C4<01>;
P_010A2BA4 .param/l "S2" 3 13, C4<10>;
P_010A2BB8 .param/l "S3" 3 14, C4<11>;
v010A48B0_0 .net "clk", 0 0, v010AED38_0; 1 drivers
v010A4CA0_0 .var "current_state", 1 0;
v010A2BD8_0 .net "din", 0 0, v010AED90_0; 1 drivers
v010AAEC8_0 .var "next_state", 1 0;
v010AAF20_0 .net "rst", 0 0, v010AEDE8_0; 1 drivers
v010AAF78_0 .var "y", 0 0;
E_010A8A60 .event edge, v010A4CA0_0, v010A2BD8_0;
E_010A8BE0 .event posedge, v010A48B0_0;
    .scope S_010A2AF0;
T_0 ;
    %wait E_010A8BE0;
    %load/v 8, v010AAF20_0, 1;
    %jmp/0xz  T_0.0, 8;
    %ix/load 0, 2, 0;
    %assign/v0 v010A4CA0_0, 0, 0;
    %jmp T_0.1;
T_0.0 ;
    %load/v 8, v010AAEC8_0, 2;
    %ix/load 0, 2, 0;
    %assign/v0 v010A4CA0_0, 0, 8;
T_0.1 ;
    %jmp T_0;
    .thread T_0;
    .scope S_010A2AF0;
T_1 ;
    %wait E_010A8A60;
    %load/v 8, v010A4CA0_0, 2;
    %set/v v010AAEC8_0, 8, 2;
    %load/v 8, v010A4CA0_0, 2;
    %cmpi/u 8, 0, 2;
    %jmp/1 T_1.0, 6;
    %cmpi/u 8, 1, 2;
    %jmp/1 T_1.1, 6;
    %cmpi/u 8, 2, 2;
    %jmp/1 T_1.2, 6;
    %cmpi/u 8, 3, 2;
    %jmp/1 T_1.3, 6;
    %set/v v010AAEC8_0, 0, 2;
    %jmp T_1.5;
T_1.0 ;
    %load/v 8, v010A2BD8_0, 1;
    %jmp/0xz  T_1.6, 8;
    %movi 8, 1, 2;
    %set/v v010AAEC8_0, 8, 2;
    %jmp T_1.7;
T_1.6 ;
    %set/v v010AAEC8_0, 0, 2;
T_1.7 ;
    %set/v v010AAF78_0, 0, 1;
    %jmp T_1.5;
T_1.1 ;
    %load/v 8, v010A2BD8_0, 1;
    %jmp/0xz  T_1.8, 8;
    %movi 8, 2, 2;
    %set/v v010AAEC8_0, 8, 2;
    %jmp T_1.9;
T_1.8 ;
    %set/v v010AAEC8_0, 0, 2;
T_1.9 ;
    %set/v v010AAF78_0, 0, 1;
    %jmp T_1.5;
T_1.2 ;
    %load/v 8, v010A2BD8_0, 1;
    %cmpi/u 8, 0, 1;
    %jmp/0xz  T_1.10, 4;
    %set/v v010AAEC8_0, 1, 2;
    %jmp T_1.11;
T_1.10 ;
    %movi 8, 2, 2;
    %set/v v010AAEC8_0, 8, 2;
T_1.11 ;
    %set/v v010AAF78_0, 0, 1;
    %jmp T_1.5;
T_1.3 ;
    %load/v 8, v010A2BD8_0, 1;
    %jmp/0xz  T_1.12, 8;
    %movi 8, 2, 2;
    %set/v v010AAEC8_0, 8, 2;
    %set/v v010AAF78_0, 1, 1;
    %jmp T_1.13;
T_1.12 ;
    %set/v v010AAEC8_0, 0, 2;
T_1.13 ;
    %jmp T_1.5;
T_1.5 ;
    %jmp T_1;
    .thread T_1, $push;
    .scope S_00F531B8;
T_2 ;
    %delay 5, 0;
    %load/v 8, v010AED38_0, 1;
    %inv 8, 1;
    %set/v v010AED38_0, 8, 1;
    %jmp T_2;
    .thread T_2;
    .scope S_00F531B8;
T_3 ;
    %set/v v010AED38_0, 0, 1;
    %end;
    .thread T_3;
    .scope S_00F531B8;
T_4 ;
    %vpi_call 2 25 "$dumpfile", "seq_detect_mealy.vcd";
    %vpi_call 2 26 "$dumpvars", 1'sb0, S_010A2AF0;
    %set/v v010AEDE8_0, 1, 1;
    %set/v v010AED38_0, 0, 1;
    %set/v v010AED90_0, 0, 1;
    %delay 10, 0;
    %set/v v010AEDE8_0, 0, 1;
    %vpi_call 2 34 "$display", "Test Start.....";
    %delay 10, 0;
    %set/v v010AED90_0, 1, 1;
    %delay 10, 0;
    %set/v v010AED90_0, 1, 1;
    %delay 10, 0;
    %set/v v010AED90_0, 0, 1;
    %delay 10, 0;
    %set/v v010AED90_0, 1, 1;
    %delay 10, 0;
    %set/v v010AED90_0, 1, 1;
    %delay 10, 0;
    %set/v v010AED90_0, 1, 1;
    %delay 10, 0;
    %set/v v010AED90_0, 1, 1;
    %delay 10, 0;
    %set/v v010AED90_0, 1, 1;
    %delay 10, 0;
    %set/v v010AED90_0, 0, 1;
    %delay 10, 0;
    %set/v v010AED90_0, 1, 1;
    %delay 10, 0;
    %set/v v010AED90_0, 1, 1;
    %delay 10, 0;
    %set/v v010AED90_0, 1, 1;
    %delay 10, 0;
    %set/v v010AED90_0, 0, 1;
    %delay 10, 0;
    %set/v v010AED90_0, 1, 1;
    %delay 10, 0;
    %set/v v010AED90_0, 1, 1;
    %delay 10, 0;
    %set/v v010AED90_0, 0, 1;
    %delay 10, 0;
    %set/v v010AED90_0, 1, 1;
    %delay 10, 0;
    %set/v v010AED90_0, 1, 1;
    %delay 10, 0;
    %set/v v010AED90_0, 1, 1;
    %delay 10, 0;
    %set/v v010AED90_0, 0, 1;
    %delay 10, 0;
    %set/v v010AED90_0, 1, 1;
    %delay 20, 0;
    %vpi_call 2 64 "$display", "Test_Completed....";
    %vpi_call 2 65 "$finish";
    %end;
    .thread T_4;
# The file index is used to find the file name in the following table.
:file_names 4;
    "N/A";
    "<interactive>";
    "tb_seq_detect_mealy.v";
    "./seq_detect_mealy.v";
